Using pre-set license
Built from '2020.3/staging' branch; Version is '2020.3.13f1 (71691879b7f5) revision 7432472'; Using compiler version '192528614'; Build Type 'Release'
OS: 'Windows 10 Home; OS build 19042.1348; Version 2009; 64bit' Language: 'ja' Physical Memory: 16328 MB
BatchMode: 1, IsHumanControllingUs: 0, StartBugReporterOnCrash: 0, Is64bit: 1, IsPro: 0

 COMMAND LINE ARGUMENTS:
E:\Unity\unity editer\2020.3.13f1\Editor\Unity.exe
-adb2
-batchMode
-noUpm
-name
AssetImportWorker2
-projectPath
E:/Unity/Projects/TestVRUI
-logFile
Logs/AssetImportWorker2.log
-srvPort
53294
Successfully changed project path to: E:/Unity/Projects/TestVRUI
E:/Unity/Projects/TestVRUI
Using Asset Import Pipeline V2.
Refreshing native plugins compatible for Editor in 51.86 ms, found 6 plugins.
Preloading 1 native plugins for Editor in 0.64 ms.
Initialize engine version: 2020.3.13f1 (71691879b7f5)
[Subsystems] Discovering subsystems at path E:/Unity/unity editer/2020.3.13f1/Editor/Data/Resources/UnitySubsystems
[Subsystems] Discovering subsystems at path E:/Unity/Projects/TestVRUI/Assets
GfxDevice: creating device client; threaded=0
Direct3D:
    Version:  Direct3D 11.0 [level 11.1]
    Renderer: NVIDIA GeForce RTX 2060 SUPER (ID=0x1f06)
    Vendor:   
    VRAM:     8031 MB
    Driver:   27.21.14.5751
Shader 'Oculus/OVRMRCameraFrameLit': fallback shader 'Alpha-Diffuse' not found
Initialize mono
Mono path[0] = 'E:/Unity/unity editer/2020.3.13f1/Editor/Data/Managed'
Mono path[1] = 'E:/Unity/unity editer/2020.3.13f1/Editor/Data/MonoBleedingEdge/lib/mono/unityjit'
Mono config path = 'E:/Unity/unity editer/2020.3.13f1/Editor/Data/MonoBleedingEdge/etc'
Using monoOptions --debugger-agent=transport=dt_socket,embedding=1,server=y,suspend=n,address=127.0.0.1:56308
Begin MonoManager ReloadAssembly
Registering precompiled unity dll's ...
Register platform support module: E:/Unity/unity editer/2020.3.13f1/Editor/Data/PlaybackEngines/WebGLSupport/UnityEditor.WebGL.Extensions.dll
Register platform support module: E:/Unity/unity editer/2020.3.13f1/Editor/Data/PlaybackEngines/WindowsStandaloneSupport/UnityEditor.WindowsStandalone.Extensions.dll
Registered in 0.000956 seconds.
Native extension for WindowsStandalone target not found
Native extension for WebGL target not found
Refreshing native plugins compatible for Editor in 44.56 ms, found 6 plugins.
Preloading 1 native plugins for Editor in 0.04 ms.
Mono: successfully reloaded assembly
- Completed reload, in  1.101 seconds
Platform modules already initialized, skipping
Registering precompiled user dll's ...
Registered in 0.002701 seconds.
Begin MonoManager ReloadAssembly
Native extension for WindowsStandalone target not found
Native extension for WebGL target not found
Refreshing native plugins compatible for Editor in 0.76 ms, found 6 plugins.
Preloading 1 native plugins for Editor in 0.03 ms.
[XR] OculusXRPlugin: registering subsystems
[XR] Unable to register display lifecyle provider: [1]
[XR] Oculus Input lifecycle provider registered.
[XR] Unable to register input lifecyle provider: [1]
[XR] OVRP version 1.66.0
Mono: successfully reloaded assembly
- Completed reload, in  1.004 seconds
Platform modules already initialized, skipping
========================================================================
Worker process is ready to serve import requests
Shader 'Oculus/OVRMRCameraFrameLit': fallback shader 'Alpha-Diffuse' not found
Launched and connected shader compiler UnityShaderCompiler.exe after 0.04 seconds
Refreshing native plugins compatible for Editor in 0.71 ms, found 6 plugins.
Preloading 1 native plugins for Editor in 0.04 ms.
Unloading 2175 Unused Serialized files (Serialized files now loaded: 0)
System memory in use before: 101.5 MB.
System memory in use after: 101.5 MB.

Unloading 45 unused Assets to reduce memory usage. Loaded Objects now: 2588.
Total: 2.106400 ms (FindLiveObjects: 0.229800 ms CreateObjectMapping: 0.066600 ms MarkObjects: 1.718700 ms  DeleteObjects: 0.090500 ms)

AssetImportParameters requested are different than current active one (requested -> active):
  custom:framework-win-MediaFoundation: 216162199b28c13a410421893ffa2e32 -> 
  custom:video-decoder-ogg-theora: a1e56fd34408186e4bbccfd4996cb3dc -> 
  custom:container-muxer-webm: aa71ff27fc2769a1b78a27578f13a17b -> 
  custom:container-demuxer-webm: 4f35f7cbe854078d1ac9338744f61a02 -> 
  custom:container-demuxer-ogg: 62fdf1f143b41e24485cea50d1cbac27 -> 
  custom:video-encoder-webm-vp8: eb34c28f22e8b96e1ab97ce403110664 -> 
  custom:video-decoder-webm-vp8: 9c59270c3fd7afecdb556c50c9e8de78 -> 
  custom:audio-decoder-ogg-vorbis: bf7c407c2cedff20999df2af8eb42d56 -> 
  custom:audio-encoder-webm-vorbis: bf7c407c2cedff20999df2af8eb42d56 -> 
========================================================================
Received Import Request.
  path: Assets/Oculus/Avatar/Samples/SocialStarter
  artifactKey: Guid(f853d92f5be267947bcbbc142982b463) Importer(815301076,1909f56bfc062723c751e8b465ee728b)
Start importing Assets/Oculus/Avatar/Samples/SocialStarter using Guid(f853d92f5be267947bcbbc142982b463) Importer(815301076,1909f56bfc062723c751e8b465ee728b)  -> (artifact id: 'ae02a40a779f28bb6fb38077abc20080') in 0.008885 seconds 
  Import took 0.011781 seconds .

========================================================================
Received Import Request.
  Time since last request: 0.000221 seconds.
  path: Assets/Oculus/OculusProjectConfig.asset
  artifactKey: Guid(8b91cef655025bd4aaf7d3087f53b781) Importer(815301076,1909f56bfc062723c751e8b465ee728b)
Start importing Assets/Oculus/OculusProjectConfig.asset using Guid(8b91cef655025bd4aaf7d3087f53b781) Importer(815301076,1909f56bfc062723c751e8b465ee728b)  -> (artifact id: 'a106919e57b1de81d2ea490fdc3ba036') in 0.041123 seconds 
  Import took 0.043825 seconds .

========================================================================
Received Import Request.
  Time since last request: 0.000223 seconds.
  path: Assets/Oculus/SampleFramework
  artifactKey: Guid(186a0f122a5f67a4991f83d284bf1dc6) Importer(815301076,1909f56bfc062723c751e8b465ee728b)
Start importing Assets/Oculus/SampleFramework using Guid(186a0f122a5f67a4991f83d284bf1dc6) Importer(815301076,1909f56bfc062723c751e8b465ee728b)  -> (artifact id: 'a839a4f9760c4505f1bd04a3c771ecea') in 0.004524 seconds 
  Import took 0.007424 seconds .

========================================================================
Received Import Request.
  Time since last request: 0.000199 seconds.
  path: Assets/Oculus/Avatar/Samples/GripPoses
  artifactKey: Guid(b8c4b9475079cf040953bf344ff4e44f) Importer(815301076,1909f56bfc062723c751e8b465ee728b)
Start importing Assets/Oculus/Avatar/Samples/GripPoses using Guid(b8c4b9475079cf040953bf344ff4e44f) Importer(815301076,1909f56bfc062723c751e8b465ee728b)  -> (artifact id: 'c86de390c9657740275d508df744c357') in 0.039566 seconds 
  Import took 0.042621 seconds .

========================================================================
Received Import Request.
  Time since last request: 0.000200 seconds.
  path: Assets/Oculus/Avatar/Content
  artifactKey: Guid(b7b5af4818686f84f844c1ae9df0f700) Importer(815301076,1909f56bfc062723c751e8b465ee728b)
Start importing Assets/Oculus/Avatar/Content using Guid(b7b5af4818686f84f844c1ae9df0f700) Importer(815301076,1909f56bfc062723c751e8b465ee728b)  -> (artifact id: '252859fa27c1b35d9e2707a901a54614') in 0.004174 seconds 
  Import took 0.006683 seconds .

========================================================================
Received Import Request.
  Time since last request: 0.000277 seconds.
  path: Assets/Oculus/Avatar/Samples/SocialStarter/Assets/MainScene.unity
  artifactKey: Guid(236a5f96528802e47a70d6e47ebd3c16) Importer(815301076,1909f56bfc062723c751e8b465ee728b)
Start importing Assets/Oculus/Avatar/Samples/SocialStarter/Assets/MainScene.unity using Guid(236a5f96528802e47a70d6e47ebd3c16) Importer(815301076,1909f56bfc062723c751e8b465ee728b)  -> (artifact id: 'e87a6d4b5198928191ac3a97d39c030c') in 0.005953 seconds 
  Import took 0.009119 seconds .

========================================================================
Received Import Request.
  Time since last request: 0.000311 seconds.
  path: Assets/Oculus/Avatar/Content/Prefabs/RemoteAvatar.prefab
  artifactKey: Guid(90bf33f968e6bb44ea0208fc82c90a44) Importer(815301076,1909f56bfc062723c751e8b465ee728b)
Start importing Assets/Oculus/Avatar/Content/Prefabs/RemoteAvatar.prefab using Guid(90bf33f968e6bb44ea0208fc82c90a44) Importer(815301076,1909f56bfc062723c751e8b465ee728b)  -> (artifact id: '51495582ae5fceb9ecb1a5626dd2958a') in 0.060236 seconds 
  Import took 0.063188 seconds .

========================================================================
Received Import Request.
  Time since last request: 0.000209 seconds.
  path: Assets/Oculus/Avatar/Samples/SocialStarter/Assets
  artifactKey: Guid(95e9e8192781ad94bad26b153c265787) Importer(815301076,1909f56bfc062723c751e8b465ee728b)
Start importing Assets/Oculus/Avatar/Samples/SocialStarter/Assets using Guid(95e9e8192781ad94bad26b153c265787) Importer(815301076,1909f56bfc062723c751e8b465ee728b)  -> (artifact id: 'a5a9f518b5854b79966500ab5f01f4de') in 0.005329 seconds 
  Import took 0.008662 seconds .

========================================================================
Received Import Request.
  Time since last request: 0.000259 seconds.
  path: Assets/Oculus/Avatar/Samples/LocalAvatar
  artifactKey: Guid(2883b756c033a864ca988b3f522f3339) Importer(815301076,1909f56bfc062723c751e8b465ee728b)
Start importing Assets/Oculus/Avatar/Samples/LocalAvatar using Guid(2883b756c033a864ca988b3f522f3339) Importer(815301076,1909f56bfc062723c751e8b465ee728b)  -> (artifact id: '91d71e8fe9ea42b7e98b5007031f77b3') in 0.004930 seconds 
  Import took 0.008049 seconds .

========================================================================
Received Import Request.
  Time since last request: 0.000172 seconds.
  path: Assets/Oculus/Avatar/Content/Prefabs
  artifactKey: Guid(e2c4ef7503877e647b22a4089384f04f) Importer(815301076,1909f56bfc062723c751e8b465ee728b)
Start importing Assets/Oculus/Avatar/Content/Prefabs using Guid(e2c4ef7503877e647b22a4089384f04f) Importer(815301076,1909f56bfc062723c751e8b465ee728b)  -> (artifact id: '8a4e8dd5ad94d8a03d47de148e58d757') in 0.004940 seconds 
  Import took 0.007848 seconds .

========================================================================
Received Import Request.
  Time since last request: 0.000242 seconds.
  path: Assets/Oculus/Avatar/Samples/GripPoses/GripPoses.unity
  artifactKey: Guid(697c6df5e1eddad40b634d311b0bb2e5) Importer(815301076,1909f56bfc062723c751e8b465ee728b)
Start importing Assets/Oculus/Avatar/Samples/GripPoses/GripPoses.unity using Guid(697c6df5e1eddad40b634d311b0bb2e5) Importer(815301076,1909f56bfc062723c751e8b465ee728b)  -> (artifact id: 'c0f0f383bed84071ebc1e625b848ec2b') in 0.005946 seconds 
  Import took 0.008928 seconds .

========================================================================
Received Import Request.
  Time since last request: 0.000214 seconds.
  path: Assets/Oculus/Avatar/Content/Prefabs/LocalAvatar.prefab
  artifactKey: Guid(84c8b8609f9bb434eaf5248f17ff1293) Importer(815301076,1909f56bfc062723c751e8b465ee728b)
Start importing Assets/Oculus/Avatar/Content/Prefabs/LocalAvatar.prefab using Guid(84c8b8609f9bb434eaf5248f17ff1293) Importer(815301076,1909f56bfc062723c751e8b465ee728b)  -> (artifact id: '8ece93a6cdfec581e2d5e8e8f907be5d') in 0.004341 seconds 
  Import took 0.007255 seconds .

========================================================================
Received Import Request.
  Time since last request: 0.000192 seconds.
  path: Assets/Oculus/Avatar/Samples/CrossPlatform
  artifactKey: Guid(ad3077b9e8d4c4b4ea6177561faccbd2) Importer(815301076,1909f56bfc062723c751e8b465ee728b)
Start importing Assets/Oculus/Avatar/Samples/CrossPlatform using Guid(ad3077b9e8d4c4b4ea6177561faccbd2) Importer(815301076,1909f56bfc062723c751e8b465ee728b)  -> (artifact id: 'd8d8759573bbee222536def5f6e7eade') in 0.005041 seconds 
  Import took 0.007643 seconds .

========================================================================
Received Import Request.
  Time since last request: 0.727866 seconds.
  path: Assets/Oculus/SampleFramework/Usage
  artifactKey: Guid(8b578b5744fda3641a8d996a918ec63a) Importer(815301076,1909f56bfc062723c751e8b465ee728b)
Start importing Assets/Oculus/SampleFramework/Usage using Guid(8b578b5744fda3641a8d996a918ec63a) Importer(815301076,1909f56bfc062723c751e8b465ee728b)  -> (artifact id: '77d8c3d885587f9ab0b1524605a811ae') in 0.031075 seconds 
  Import took 0.034140 seconds .

========================================================================
Received Import Request.
  Time since last request: 6.031139 seconds.
  path: Assets/Oculus/SampleFramework/Usage/DistanceGrab.unity
  artifactKey: Guid(24f58b3f0ca02d44eaec7f50bca538f2) Importer(815301076,1909f56bfc062723c751e8b465ee728b)
Start importing Assets/Oculus/SampleFramework/Usage/DistanceGrab.unity using Guid(24f58b3f0ca02d44eaec7f50bca538f2) Importer(815301076,1909f56bfc062723c751e8b465ee728b)  -> (artifact id: 'b1585a1310e37588211af767d98de3cd') in 0.006452 seconds 
  Import took 0.009927 seconds .

========================================================================
Received Prepare
Registering precompiled user dll's ...
Registered in 0.002975 seconds.
Begin MonoManager ReloadAssembly
Native extension for WindowsStandalone target not found
Native extension for WebGL target not found
Refreshing native plugins compatible for Editor in 0.81 ms, found 6 plugins.
Preloading 1 native plugins for Editor in 0.04 ms.
Mono: successfully reloaded assembly
- Completed reload, in  0.885 seconds
Platform modules already initialized, skipping
Switching build target platform(19) subTarget(0) extendedPlatform(0) -> platform(13) subTarget(524294) extendedPlatform(0)
Shader 'Oculus/OVRMRCameraFrameLit': fallback shader 'Alpha-Diffuse' not found
Refreshing native plugins compatible for Editor in 0.82 ms, found 6 plugins.
Preloading 1 native plugins for Editor in 0.04 ms.
Unloading 2110 Unused Serialized files (Serialized files now loaded: 0)
System memory in use before: 95.1 MB.
System memory in use after: 95.2 MB.

Unloading 40 unused Assets to reduce memory usage. Loaded Objects now: 2592.
Total: 2.248100 ms (FindLiveObjects: 0.238400 ms CreateObjectMapping: 0.054100 ms MarkObjects: 1.877600 ms  DeleteObjects: 0.076300 ms)

AssetImportParameters requested are different than current active one (requested -> active):
  custom:framework-win-MediaFoundation: 216162199b28c13a410421893ffa2e32 -> 
  custom:video-decoder-ogg-theora: a1e56fd34408186e4bbccfd4996cb3dc -> 
  custom:container-muxer-webm: aa71ff27fc2769a1b78a27578f13a17b -> 
  custom:container-demuxer-webm: 4f35f7cbe854078d1ac9338744f61a02 -> 
  custom:container-demuxer-ogg: 62fdf1f143b41e24485cea50d1cbac27 -> 
  custom:video-encoder-webm-vp8: eb34c28f22e8b96e1ab97ce403110664 -> 
  custom:video-decoder-webm-vp8: 9c59270c3fd7afecdb556c50c9e8de78 -> 
  custom:graphics/normal-map-encoding: 01000000000000000000000000000000 -> 02000000000000000000000000000000
  custom:audio-decoder-ogg-vorbis: bf7c407c2cedff20999df2af8eb42d56 -> 
  custom:audio-encoder-webm-vorbis: bf7c407c2cedff20999df2af8eb42d56 -> 
